<?xml version="1.0" encoding="UTF-8"?>
<testsuite xmlns:xsi="http://www.w3.org/2001/XMLSchema-instance" xsi:noNamespaceSchemaLocation="https://maven.apache.org/surefire/maven-surefire-plugin/xsd/surefire-test-report.xsd" version="3.0.2" name="example.falsepositives.fixed.RandomPortInfrastructureCaseTest" time="1.007" tests="1" errors="0" skipped="0" failures="0">
  <properties>
[...]
</properties>
  <testcase name="contextLoads" classname="example.falsepositives.fixed.RandomPortInfrastructureCaseTest" time="0.005">
    <system-out><![CDATA[2026-09-03T15:13:38.673+02:00  INFO 33028 --- [           main] t.c.s.AnnotationConfigContextLoaderUtils : Could not detect default configuration classes for test class [example.falsepositives.fixed.RandomPortInfrastructureCaseTest]: RandomPortInfrastructureCaseTest does not declare any static, non-private, non-final, nested classes annotated with @Configuration.
2026-09-03T15:13:38.674+02:00  INFO 33028 --- [           main] .b.t.c.SpringBootTestContextBootstrapper : Found @SpringBootConfiguration example.falsepositives.FalsePositivesApplication for test class example.falsepositives.fixed.RandomPortInfrastructureCaseTest

  .   ____          _            __ _ _
 /\\ / ___'_ __ _ _(_)_ __  __ _ \ \ \ \
( ( )\___ | '_ | '_| | '_ \/ _` | \ \ \ \
 \\/  ___)| |_)| | | | | || (_| |  ) ) ) )
  '  |____| .__|_| |_|_| |_\__, | / / / /
 =========|_|==============|___/=/_/_/_/

 :: Spring Boot ::                (v3.5.5)

2026-09-03T15:13:38.696+02:00  INFO 33028 --- [           main] e.f.f.RandomPortInfrastructureCaseTest   : Starting RandomPortInfrastructureCaseTest using Java 25.0.1 with PID 33028 (started by marat.dinmukhametov in /Users/marat.dinmukhametov/IdeaProjects/spring-boot-false-positives)
2026-09-03T15:13:38.696+02:00  INFO 33028 --- [           main] e.f.f.RandomPortInfrastructureCaseTest   : The following 2 profiles are active: "local-group", "local"
2026-09-03T15:13:39.296+02:00  INFO 33028 --- [           main] o.s.b.w.embedded.tomcat.TomcatWebServer  : Tomcat initialized with port 0 (http)
2026-09-03T15:13:39.308+02:00  INFO 33028 --- [           main] o.apache.catalina.core.StandardService   : Starting service [Tomcat]
2026-09-03T15:13:39.308+02:00  INFO 33028 --- [           main] o.apache.catalina.core.StandardEngine    : Starting Servlet engine: [Apache Tomcat/10.1.44]
2026-09-03T15:13:39.334+02:00  INFO 33028 --- [           main] o.a.c.c.C.[Tomcat].[localhost].[/]       : Initializing Spring embedded WebApplicationContext
2026-09-03T15:13:39.334+02:00  INFO 33028 --- [           main] w.s.c.ServletWebServerApplicationContext : Root WebApplicationContext: initialization completed in 637 ms
2026-09-03T15:13:39.454+02:00  INFO 33028 --- [           main] o.s.b.a.e.web.EndpointLinksResolver      : Exposing 1 endpoint beneath base path '/actuator'
2026-09-03T15:13:39.575+02:00  INFO 33028 --- [           main] o.s.b.w.embedded.tomcat.TomcatWebServer  : Tomcat started on port 52827 (http) with context path '/'
2026-09-03T15:13:39.577+02:00  INFO 33028 --- [           main] e.f.f.RandomPortInfrastructureCaseTest   : Started RandomPortInfrastructureCaseTest in 0.901 seconds (process running for 13.835)
]]></system-out>
  </testcase>
</testsuite>